[0m08:56:01.493686 [debug] [MainThread]: Sending event: {'category': 'dbt', 'action': 'invocation', 'label': 'start', 'context': [<snowplow_tracker.self_describing_json.SelfDescribingJson object at 0x00000256114F8610>, <snowplow_tracker.self_describing_json.SelfDescribingJson object at 0x00000256114D3B90>, <snowplow_tracker.self_describing_json.SelfDescribingJson object at 0x00000256114D9D10>]}


============================== 08:56:01.524517 | 3a909d2c-57c8-4437-ac7e-401548b763fe ==============================
[0m08:56:01.524517 [info ] [MainThread]: Running with dbt=1.8.6
[0m08:56:01.524517 [debug] [MainThread]: running dbt with arguments {'printer_width': '80', 'indirect_selection': 'eager', 'write_json': 'True', 'log_cache_events': 'False', 'partial_parse': 'True', 'cache_selected_only': 'False', 'profiles_dir': 'C:\\Users\\baldi\\.dbt', 'debug': 'False', 'version_check': 'True', 'log_path': 'logs', 'warn_error': 'None', 'fail_fast': 'False', 'use_colors': 'True', 'use_experimental_parser': 'False', 'no_print': 'None', 'quiet': 'False', 'empty': 'None', 'log_format': 'default', 'invocation_command': 'dbt init', 'warn_error_options': 'WarnErrorOptions(include=[], exclude=[])', 'static_parser': 'True', 'target_path': 'None', 'introspect': 'True', 'send_anonymous_usage_stats': 'True'}
[0m08:56:01.636315 [warn ] [MainThread]: [ConfigFolderDirectory]: Unable to parse dict {'dir': WindowsPath('C:/Users/baldi/.dbt')}
[0m08:56:01.636939 [info ] [MainThread]: Creating dbt configuration folder at 
[0m08:56:33.487135 [debug] [MainThread]: Starter project path: C:\Users\baldi\AppData\Local\Packages\PythonSoftwareFoundation.Python.3.11_qbz5n2kfra8p0\LocalCache\local-packages\Python311\site-packages\dbt\include\starter_project
[0m08:56:33.642101 [info ] [MainThread]: 
Your new dbt project "custom_postgres" was created!

For more information on how to configure the profiles.yml file,
please consult the dbt documentation here:

  https://docs.getdbt.com/docs/configure-your-profile

One more thing:

Need help? Don't hesitate to reach out to us via GitHub issues or on Slack:

  https://community.getdbt.com/

Happy modeling!

[0m08:56:33.644153 [info ] [MainThread]: Setting up your profile.
[0m08:59:22.332676 [info ] [MainThread]: Profile custom_postgres written to C:\Users\baldi\.dbt\profiles.yml using target's profile_template.yml and your supplied values. Run 'dbt debug' to validate the connection.
[0m08:59:22.349337 [debug] [MainThread]: Command `dbt init` succeeded at 08:59:22.349337 after 200.90 seconds
[0m08:59:22.350049 [debug] [MainThread]: Sending event: {'category': 'dbt', 'action': 'invocation', 'label': 'end', 'context': [<snowplow_tracker.self_describing_json.SelfDescribingJson object at 0x00000256114D3CD0>, <snowplow_tracker.self_describing_json.SelfDescribingJson object at 0x000002561149C050>, <snowplow_tracker.self_describing_json.SelfDescribingJson object at 0x000002561124F790>]}
[0m08:59:22.350049 [debug] [MainThread]: Flushing usage events
